
[2026-03-26T19:52:52.978Z] Starting Zomato Playwright connect flow for user cmn7vybaq00001zijr8i9bw6c
[Zomato Connect] Launching browser...
[Zomato Connect] Complete your login in the opened Zomato window.
[Zomato Connect] This helper will automatically capture the session once login succeeds.
[Zomato Connect] Opened https://www.zomato.com/
[Zomato Connect] If login does not appear automatically, click Sign in and complete OTP.
[Zomato Connect] Captured cookies: cid …e944, PHPSESSID …d760, zat …WZnc
[Zomato Connect] Session saved successfully.

[2026-03-26T19:58:10.616Z] Starting Zomato Playwright connect flow for user cmn7vybaq00001zijr8i9bw6c
[Zomato Connect] Launching browser...
[Zomato Connect] Complete your login in the opened Zomato window.
[Zomato Connect] This helper will automatically capture the session once login succeeds.
[Zomato Connect] Opened https://www.zomato.com/
[Zomato Connect] If login does not appear automatically, click Sign in and complete OTP.

[2026-03-26T19:59:44.294Z] Starting Zomato Playwright connect flow for user cmn7wb13r00041zijh1aiedfv
[Zomato Connect] Launching browser...
[Zomato Connect] Complete your login in the opened Zomato window.
[Zomato Connect] This helper will automatically capture the session once login succeeds.
[Zomato Connect] Opened https://www.zomato.com/
[Zomato Connect] If login does not appear automatically, click Sign in and complete OTP.
[Zomato Connect] Captured cookies: cid …e944, PHPSESSID …9fbc, zat …uhXA
[Zomato Connect] Session saved successfully.
[Zomato Connect] Failed: Timed out waiting for Zomato login cookies. Please retry and complete login within 5 minutes.

[2026-03-26T20:10:27.795Z] Starting Zomato Playwright connect flow for user cmn7wmljh00035yij3luc6elg
[Zomato Connect] Launching browser...
[Zomato Connect] Complete your login in the opened Zomato window.
[Zomato Connect] This helper will automatically capture the session once login succeeds.
[Zomato Connect] Opened https://www.zomato.com/
[Zomato Connect] If login does not appear automatically, click Sign in and complete OTP.

[2026-03-26T20:13:47.610Z] Starting Zomato Playwright connect flow for user cmn7wmljh00035yij3luc6elg
[Zomato Connect] Launching browser...
[Zomato Connect] Complete your login in the opened Zomato window.
[Zomato Connect] This helper will automatically capture the session once login succeeds.
[Zomato Connect] Opened https://www.zomato.com/
[Zomato Connect] If login does not appear automatically, click Sign in and complete OTP.
[Zomato Connect] Captured cookies: cid …e944, PHPSESSID …75ed, zat …mdwg, user_city_ids 
[Zomato Connect] Session saved successfully.
[Zomato Connect] Failed: Timed out waiting for Zomato login cookies. Please retry and complete login within 5 minutes.

[2026-03-26T20:20:02.647Z] Starting Zomato Playwright connect flow for user cmn7x0er40003zrij1ahbviyd
[Zomato Connect] Launching browser...
[Zomato Connect] Complete your login in the opened Zomato window.
[Zomato Connect] This helper will automatically capture the session once login succeeds.
[Zomato Connect] Opened https://www.zomato.com/
[Zomato Connect] If login does not appear automatically, click Sign in and complete OTP.

[2026-03-26T20:22:39.349Z] Starting Zomato Playwright connect flow for user cmn7x0er40003zrij1ahbviyd
[Zomato Connect] Launching browser...
[Zomato Connect] Complete your login in the opened Zomato window.
[Zomato Connect] This helper will automatically capture the session once login succeeds.
[Zomato Connect] Opened https://www.zomato.com/
[Zomato Connect] If login does not appear automatically, click Sign in and complete OTP.
[Zomato Connect] Captured cookies: cid …e944, PHPSESSID …7695, zat …cSE4, user_city_ids 
[Zomato Connect] Session saved successfully.
